# JRE version: OpenJDK Runtime Environment (8.0_76-b03) (build 1.8.0_76-release-b03)
# Java VM: OpenJDK 64-Bit Server VM (25.76-b03 mixed mode windows-amd64 compressed oops)
Heap:
 PSYoungGen      total 539648K, used 385978K [0x00000000d5580000, 0x0000000100000000, 0x0000000100000000)
  eden space 463360K, 83% used [0x00000000d5580000,0x00000000ece6e9c0,0x00000000f1a00000)
  from space 76288K, 0% used [0x00000000fb580000,0x00000000fb580000,0x0000000100000000)
  to   space 117760K, 0% used [0x00000000f1a00000,0x00000000f1a00000,0x00000000f8d00000)
 ParOldGen       total 299520K, used 113663K [0x0000000080000000, 0x0000000092480000, 0x00000000d5580000)
  object space 299520K, 37% used [0x0000000080000000,0x0000000086effca0,0x0000000092480000)
 Metaspace       used 98518K, capacity 105560K, committed 105896K, reserved 1140736K
  class space    used 12593K, capacity 13858K, committed 14000K, reserved 1048576K
GC Heap History (10 events):
Event: 2274.567 GC heap before
{Heap before GC invocations=56 (full 12):
 PSYoungGen      total 560128K, used 532298K [0x00000000d5580000, 0x00000000fb680000, 0x0000000100000000)
  eden space 513536K, 100% used [0x00000000d5580000,0x00000000f4b00000,0x00000000f4b00000)
  from space 46592K, 40% used [0x00000000f4b00000,0x00000000f5d52990,0x00000000f7880000)
  to   space 44032K, 0% used [0x00000000f8b80000,0x00000000f8b80000,0x00000000fb680000)
 ParOldGen       total 201216K, used 82702K [0x0000000080000000, 0x000000008c480000, 0x00000000d5580000)
  object space 201216K, 41% used [0x0000000080000000,0x00000000850c3858,0x000000008c480000)
 Metaspace       used 91591K, capacity 98926K, committed 99112K, reserved 1134592K
  class space    used 11734K, capacity 13099K, committed 13104K, reserved 1048576K
Event: 2274.605 GC heap after
Heap after GC invocations=56 (full 12):
 PSYoungGen      total 580608K, used 21962K [0x00000000d5580000, 0x00000000fc380000, 0x0000000100000000)
  eden space 536576K, 0% used [0x00000000d5580000,0x00000000d5580000,0x00000000f6180000)
  from space 44032K, 49% used [0x00000000f8b80000,0x00000000fa0f2a70,0x00000000fb680000)
  to   space 43008K, 0% used [0x00000000f6180000,0x00000000f6180000,0x00000000f8b80000)
 ParOldGen       total 201216K, used 82702K [0x0000000080000000, 0x000000008c480000, 0x00000000d5580000)
  object space 201216K, 41% used [0x0000000080000000,0x00000000850c3858,0x000000008c480000)
 Metaspace       used 91591K, capacity 98926K, committed 99112K, reserved 1134592K
  class space    used 11734K, capacity 13099K, committed 13104K, reserved 1048576K
}
Event: 2277.839 GC heap before
{Heap before GC invocations=57 (full 12):
 PSYoungGen      total 580608K, used 558538K [0x00000000d5580000, 0x00000000fc380000, 0x0000000100000000)
  eden space 536576K, 100% used [0x00000000d5580000,0x00000000f6180000,0x00000000f6180000)
  from space 44032K, 49% used [0x00000000f8b80000,0x00000000fa0f2a70,0x00000000fb680000)
  to   space 43008K, 0% used [0x00000000f6180000,0x00000000f6180000,0x00000000f8b80000)
 ParOldGen       total 201216K, used 82862K [0x0000000080000000, 0x000000008c480000, 0x00000000d5580000)
  object space 201216K, 41% used [0x0000000080000000,0x00000000850eb918,0x000000008c480000)
 Metaspace       used 95562K, capacity 102926K, committed 103080K, reserved 1138688K
  class space    used 12336K, capacity 13691K, committed 13744K, reserved 1048576K
Event: 2278.031 GC heap after
Heap after GC invocations=57 (full 12):
 PSYoungGen      total 579584K, used 42992K [0x00000000d5580000, 0x0000000100000000, 0x0000000100000000)
  eden space 536576K, 0% used [0x00000000d5580000,0x00000000d5580000,0x00000000f6180000)
  from space 43008K, 99% used [0x00000000f6180000,0x00000000f8b7c0e8,0x00000000f8b80000)
  to   space 76288K, 0% used [0x00000000fb580000,0x00000000fb580000,0x0000000100000000)
 ParOldGen       total 201216K, used 153853K [0x0000000080000000, 0x000000008c480000, 0x00000000d5580000)
  object space 201216K, 76% used [0x0000000080000000,0x000000008963f460,0x000000008c480000)
 Metaspace       used 95562K, capacity 102926K, committed 103080K, reserved 1138688K
  class space    used 12336K, capacity 13691K, committed 13744K, reserved 1048576K
}
Event: 2280.493 GC heap before
{Heap before GC invocations=58 (full 12):
 PSYoungGen      total 579584K, used 579568K [0x00000000d5580000, 0x0000000100000000, 0x0000000100000000)
  eden space 536576K, 100% used [0x00000000d5580000,0x00000000f6180000,0x00000000f6180000)
  from space 43008K, 99% used [0x00000000f6180000,0x00000000f8b7c0e8,0x00000000f8b80000)
  to   space 76288K, 0% used [0x00000000fb580000,0x00000000fb580000,0x0000000100000000)
 ParOldGen       total 201216K, used 153855K [0x0000000080000000, 0x000000008c480000, 0x00000000d5580000)
  object space 201216K, 76% used [0x0000000080000000,0x000000008963fdb8,0x000000008c480000)
 Metaspace       used 96922K, capacity 104294K, committed 104616K, reserved 1140736K
  class space    used 12540K, capacity 13887K, committed 14000K, reserved 1048576K
Event: 2280.704 GC heap after
Heap after GC invocations=58 (full 12):
 PSYoungGen      total 539648K, used 76272K [0x00000000d5580000, 0x0000000100000000, 0x0000000100000000)
  eden space 463360K, 0% used [0x00000000d5580000,0x00000000d5580000,0x00000000f1a00000)
  from space 76288K, 99% used [0x00000000fb580000,0x00000000ffffc128,0x0000000100000000)
  to   space 117760K, 0% used [0x00000000f1a00000,0x00000000f1a00000,0x00000000f8d00000)
 ParOldGen       total 231424K, used 231216K [0x0000000080000000, 0x000000008e200000, 0x00000000d5580000)
  object space 231424K, 99% used [0x0000000080000000,0x000000008e1cc318,0x000000008e200000)
 Metaspace       used 96922K, capacity 104294K, committed 104616K, reserved 1140736K
  class space    used 12540K, capacity 13887K, committed 14000K, reserved 1048576K
}
Event: 2280.704 GC heap before
{Heap before GC invocations=59 (full 13):
 PSYoungGen      total 539648K, used 76272K [0x00000000d5580000, 0x0000000100000000, 0x0000000100000000)
  eden space 463360K, 0% used [0x00000000d5580000,0x00000000d5580000,0x00000000f1a00000)
  from space 76288K, 99% used [0x00000000fb580000,0x00000000ffffc128,0x0000000100000000)
  to   space 117760K, 0% used [0x00000000f1a00000,0x00000000f1a00000,0x00000000f8d00000)
 ParOldGen       total 231424K, used 231216K [0x0000000080000000, 0x000000008e200000, 0x00000000d5580000)
  object space 231424K, 99% used [0x0000000080000000,0x000000008e1cc318,0x000000008e200000)
 Metaspace       used 96922K, capacity 104294K, committed 104616K, reserved 1140736K
  class space    used 12540K, capacity 13887K, committed 14000K, reserved 1048576K
Event: 2282.098 GC heap after
Heap after GC invocations=59 (full 13):
 PSYoungGen      total 539648K, used 3191K [0x00000000d5580000, 0x0000000100000000, 0x0000000100000000)
  eden space 463360K, 0% used [0x00000000d5580000,0x00000000d5580000,0x00000000f1a00000)
  from space 76288K, 4% used [0x00000000fb580000,0x00000000fb89df98,0x0000000100000000)
  to   space 117760K, 0% used [0x00000000f1a00000,0x00000000f1a00000,0x00000000f8d00000)
 ParOldGen       total 231424K, used 231339K [0x0000000080000000, 0x000000008e200000, 0x00000000d5580000)
  object space 231424K, 99% used [0x0000000080000000,0x000000008e1eac08,0x000000008e200000)
 Metaspace       used 96669K, capacity 103788K, committed 104616K, reserved 1140736K
  class space    used 12494K, capacity 13764K, committed 14000K, reserved 1048576K
}
Event: 2287.453 GC heap before
{Heap before GC invocations=60 (full 14):
 PSYoungGen      total 539648K, used 466551K [0x00000000d5580000, 0x0000000100000000, 0x0000000100000000)
  eden space 463360K, 100% used [0x00000000d5580000,0x00000000f1a00000,0x00000000f1a00000)
  from space 76288K, 4% used [0x00000000fb580000,0x00000000fb89df98,0x0000000100000000)
  to   space 117760K, 0% used [0x00000000f1a00000,0x00000000f1a00000,0x00000000f8d00000)
 ParOldGen       total 231424K, used 231339K [0x0000000080000000, 0x000000008e200000, 0x00000000d5580000)
  object space 231424K, 99% used [0x0000000080000000,0x000000008e1eac08,0x000000008e200000)
 Metaspace       used 98450K, capacity 105534K, committed 105896K, reserved 1140736K
  class space    used 12604K, capacity 13895K, committed 14000K, reserved 1048576K
Event: 2287.897 GC heap after
Heap after GC invocations=60 (full 14):
 PSYoungGen      total 539648K, used 0K [0x00000000d5580000, 0x0000000100000000, 0x0000000100000000)
  eden space 463360K, 0% used [0x00000000d5580000,0x00000000d5580000,0x00000000f1a00000)
  from space 76288K, 0% used [0x00000000fb580000,0x00000000fb580000,0x0000000100000000)
  to   space 117760K, 0% used [0x00000000f1a00000,0x00000000f1a00000,0x00000000f8d00000)
 ParOldGen       total 299520K, used 113663K [0x0000000080000000, 0x0000000092480000, 0x00000000d5580000)
  object space 299520K, 37% used [0x0000000080000000,0x0000000086effca0,0x0000000092480000)
 Metaspace       used 98351K, capacity 105350K, committed 105896K, reserved 1140736K
  class space    used 12588K, capacity 13855K, committed 14000K, reserved 1048576K
}

